{"/Users/zaaltecnologia/projetos/brick/@test-utils/mock-use-router.js": {"path":"/Users/zaaltecnologia/projetos/brick/@test-utils/mock-use-router.js","statementMap":{"0":{"start":{"line":3,"column":0},"end":{"line":6,"column":3}},"1":{"start":{"line":3,"column":32},"end":{"line":6,"column":1}},"2":{"start":{"line":9,"column":2},"end":{"line":11,"column":4}}},"fnMap":{"0":{"name":"(anonymous_0)","decl":{"start":{"line":3,"column":25},"end":{"line":3,"column":26}},"loc":{"start":{"line":3,"column":32},"end":{"line":6,"column":1}},"line":3},"1":{"name":"mockUseRouter","decl":{"start":{"line":8,"column":16},"end":{"line":8,"column":29}},"loc":{"start":{"line":8,"column":32},"end":{"line":12,"column":1}},"line":8}},"branchMap":{},"s":{"0":1,"1":1,"2":3},"f":{"0":1,"1":3},"b":{},"_coverageSchema":"1a1c01bbd47fc00a2c39e90264f33305004495a9","hash":"1b436a3d08af890c586da0c5e47b3548e57565ec"}
,"/Users/zaaltecnologia/projetos/brick/app/content/index.tsx": {"path":"/Users/zaaltecnologia/projetos/brick/app/content/index.tsx","statementMap":{"0":{"start":{"line":13,"column":26},"end":{"line":13,"column":38}},"1":{"start":{"line":15,"column":2},"end":{"line":45,"column":3}}},"fnMap":{"0":{"name":"Content","decl":{"start":{"line":12,"column":24},"end":{"line":12,"column":31}},"loc":{"start":{"line":12,"column":34},"end":{"line":46,"column":1}},"line":12}},"branchMap":{"0":{"loc":{"start":{"line":17,"column":16},"end":{"line":17,"column":60}},"type":"cond-expr","locations":[{"start":{"line":17,"column":40},"end":{"line":17,"column":49}},{"start":{"line":17,"column":52},"end":{"line":17,"column":60}}],"line":17}},"s":{"0":4,"1":4},"f":{"0":4},"b":{"0":[4,0]},"_coverageSchema":"1a1c01bbd47fc00a2c39e90264f33305004495a9","hash":"61f572d81b9fab9ebaabb287bdbad9078ffe9a2d"}
,"/Users/zaaltecnologia/projetos/brick/app/login/index.tsx": {"path":"/Users/zaaltecnologia/projetos/brick/app/login/index.tsx","statementMap":{"0":{"start":{"line":6,"column":19},"end":{"line":6,"column":30}},"1":{"start":{"line":9,"column":4},"end":{"line":9,"column":13}},"2":{"start":{"line":12,"column":2},"end":{"line":57,"column":3}}},"fnMap":{"0":{"name":"Login","decl":{"start":{"line":5,"column":24},"end":{"line":5,"column":29}},"loc":{"start":{"line":5,"column":32},"end":{"line":58,"column":1}},"line":5},"1":{"name":"handleSubmit","decl":{"start":{"line":8,"column":11},"end":{"line":8,"column":23}},"loc":{"start":{"line":8,"column":26},"end":{"line":10,"column":3}},"line":8}},"branchMap":{},"s":{"0":3,"1":0,"2":3},"f":{"0":3,"1":0},"b":{},"_coverageSchema":"1a1c01bbd47fc00a2c39e90264f33305004495a9","hash":"bcaf9ec25046d3c862edcb095a943fb27b83daf0"}
,"/Users/zaaltecnologia/projetos/brick/assets/icon.png": {"path":"/Users/zaaltecnologia/projetos/brick/assets/icon.png","statementMap":{"0":{"start":{"line":1,"column":0},"end":{"line":1,"column":19}}},"fnMap":{},"branchMap":{},"s":{"0":1},"f":{},"b":{},"_coverageSchema":"1a1c01bbd47fc00a2c39e90264f33305004495a9","hash":"86821e7535651e6bbef6ea20dc99e40ce45d5c76"}
,"/Users/zaaltecnologia/projetos/brick/hooks/use-fonts.ts": {"path":"/Users/zaaltecnologia/projetos/brick/hooks/use-fonts.ts","statementMap":{"0":{"start":{"line":2,"column":0},"end":{"line":2,"column":null}},"1":{"start":{"line":9,"column":21},"end":{"line":12,"column":4}},"2":{"start":{"line":14,"column":2},"end":{"line":14,"column":null}},"3":{"start":{"line":8,"column":0},"end":{"line":8,"column":16}}},"fnMap":{"0":{"name":"useFonts","decl":{"start":{"line":8,"column":16},"end":{"line":8,"column":24}},"loc":{"start":{"line":8,"column":24},"end":{"line":15,"column":1}}}},"branchMap":{},"s":{"0":1,"1":2,"2":2,"3":1},"f":{"0":2},"b":{}}
}
