TN:
SF:@test-utils/mock-use-router.js
FN:3,(anonymous_0)
FN:8,mockUseRouter
FNF:2
FNH:2
FNDA:1,(anonymous_0)
FNDA:3,mockUseRouter
DA:3,1
DA:9,3
LF:2
LH:2
BRF:0
BRH:0
end_of_record
TN:
SF:app/content/index.tsx
FN:12,Content
FNF:1
FNH:1
FNDA:4,Content
DA:13,4
DA:15,4
LF:2
LH:2
BRDA:17,0,0,4
BRDA:17,0,1,0
BRF:2
BRH:1
end_of_record
TN:
SF:app/login/index.tsx
FN:5,Login
FN:8,handleSubmit
FNF:2
FNH:1
FNDA:3,Login
FNDA:0,handleSubmit
DA:6,3
DA:9,0
DA:12,3
LF:3
LH:2
BRF:0
BRH:0
end_of_record
TN:
SF:assets/icon.png
FNF:0
FNH:0
DA:1,1
LF:1
LH:1
BRF:0
BRH:0
end_of_record
TN:
SF:hooks/use-fonts.ts
FN:8,useFonts
FNF:1
FNH:1
FNDA:2,useFonts
DA:2,1
DA:8,1
DA:9,2
DA:14,2
LF:4
LH:4
BRF:0
BRH:0
end_of_record
